[debug] [2023-07-15T14:42:06.772Z] ----------------------------------------------------------------------
[debug] [2023-07-15T14:42:06.776Z] Command:       C:\Program Files\nodejs\node.exe C:\Users\Z.H ENTERPRISES\AppData\Roaming\npm\node_modules\firebase-tools\lib\bin\firebase.js init
[debug] [2023-07-15T14:42:06.776Z] CLI Version:   12.4.4
[debug] [2023-07-15T14:42:06.777Z] Platform:      win32
[debug] [2023-07-15T14:42:06.778Z] Node Version:  v18.14.2
[debug] [2023-07-15T14:42:06.785Z] Time:          Sat Jul 15 2023 19:42:06 GMT+0500 (Pakistan Standard Time)
[debug] [2023-07-15T14:42:06.785Z] ----------------------------------------------------------------------
[debug] 
[debug] [2023-07-15T14:42:06.959Z] > command requires scopes: ["email","openid","https://www.googleapis.com/auth/cloudplatformprojects.readonly","https://www.googleapis.com/auth/firebase","https://www.googleapis.com/auth/cloud-platform"]
[debug] [2023-07-15T14:42:06.960Z] > authorizing via signed-in user (shehryarmaqsodi23@gmail.com)
[info] 
     ######## #### ########  ######## ########     ###     ######  ########
     ##        ##  ##     ## ##       ##     ##  ##   ##  ##       ##
     ######    ##  ########  ######   ########  #########  ######  ######
     ##        ##  ##    ##  ##       ##     ## ##     ##       ## ##
     ##       #### ##     ## ######## ########  ##     ##  ######  ########

You're about to initialize a Firebase project in this directory:

  C:\Users\Z.H ENTERPRISES

Before we get started, keep in mind:

  * You are initializing within an existing Firebase project directory

[info] 
=== Project Setup
[info] 
[info] First, let's associate this project directory with a Firebase project.
[info] You can create multiple project aliases by running firebase use --add, 
[info] but for now we'll just set up a default project.
[info] 
[debug] [2023-07-15T14:42:13.154Z] Using project from CLI flag: food-app-db14b
[debug] [2023-07-15T14:42:13.158Z] >>> [apiv2][query] GET https://firebase.googleapis.com/v1beta1/projects/food-app-db14b [none]
[debug] [2023-07-15T14:42:13.980Z] <<< [apiv2][status] GET https://firebase.googleapis.com/v1beta1/projects/food-app-db14b 403
[debug] [2023-07-15T14:42:13.980Z] <<< [apiv2][body] GET https://firebase.googleapis.com/v1beta1/projects/food-app-db14b {"error":{"code":403,"message":"The caller does not have permission","status":"PERMISSION_DENIED"}}
[debug] [2023-07-15T14:42:13.981Z] HTTP Error: 403, The caller does not have permission
[debug] [2023-07-15T14:42:14.300Z] FirebaseError: HTTP Error: 403, The caller does not have permission
    at responseToError (C:\Users\Z.H ENTERPRISES\AppData\Roaming\npm\node_modules\firebase-tools\lib\responseToError.js:49:12)
    at RetryOperation._fn (C:\Users\Z.H ENTERPRISES\AppData\Roaming\npm\node_modules\firebase-tools\lib\apiv2.js:289:77)
    at process.processTicksAndRejections (node:internal/process/task_queues:95:5)
[error] 
[error] Error: Failed to get Firebase project food-app-db14b. Please make sure the project exists and your account has permission to access it.
